{
  "RSpec": {
    "coverage": {
      "/home/raphaelly/delas/insurance-app/app/models/user.rb": {
        "lines": [
          1,
          1,
          null,
          null,
          null,
          1,
          null,
          null
        ]
      },
      "/home/raphaelly/delas/insurance-app/app/models/application_record.rb": {
        "lines": [
          1,
          1,
          null
        ]
      },
      "/home/raphaelly/delas/insurance-app/app/models/insurance_company.rb": {
        "lines": [
          1,
          null
        ]
      },
      "/home/raphaelly/delas/insurance-app/app/models/package.rb": {
        "lines": [
          1,
          1,
          null
        ]
      },
      "/home/raphaelly/delas/insurance-app/app/models/policy.rb": {
        "lines": [
          1,
          null
        ]
      },
      "/home/raphaelly/delas/insurance-app/app/models/product_category.rb": {
        "lines": [
          1,
          null
        ]
      },
      "/home/raphaelly/delas/insurance-app/app/models/product.rb": {
        "lines": [
          1,
          1,
          null
        ]
      },
      "/home/raphaelly/delas/insurance-app/app/models/service.rb": {
        "lines": [
          1,
          null
        ]
      },
      "/home/raphaelly/delas/insurance-app/app/controllers/application_controller.rb": {
        "lines": [
          0,
          0
        ],
        "branches": {
        }
      },
      "/home/raphaelly/delas/insurance-app/app/models/coverage.rb": {
        "lines": [
          0,
          0
        ],
        "branches": {
        }
      }
    },
    "timestamp": 1667448959
  }
}
